<?xml version="1.0" encoding="utf-8" standalone="no"?>
<test-results xmlns:xsi="http://www.w3.org/2001/XMLSchema-instance" xsi:noNamespaceSchemaLocation="nunit_schema_2.5.xsd" name="Pester" total="5" errors="0" failures="0" not-run="58" inconclusive="0" ignored="0" skipped="0" invalid="0" date="2025-04-04" time="21:17:43">
  <environment nunit-version="2.5.8.0" user="AMi" user-domain="AMIFRAMEWORK" os-version="10.0.26100" machine-name="AMIFRAMEWORK" cwd="C:\LabSources\AutomatedLabConfig" platform="Microsoft Windows 11 Pro|C:\WINDOWS|\Device\Harddisk0\Partition3" clr-version="9.0.1" />
  <culture-info current-culture="en-DE" current-uiculture="en-US" />
  <test-suite type="TestFixture" name="Pester" executed="True" result="Success" success="True" time="5.602" asserts="0" description="Pester">
    <results>
      <test-suite type="TestFixture" name="C:\Program Files\WindowsPowerShell\Modules\AutomatedLabTest\5.56.0\tests\00General.tests.ps1" executed="True" result="Success" success="True" time="0.1828" asserts="0" description="C:\Program Files\WindowsPowerShell\Modules\AutomatedLabTest\5.56.0\tests\00General.tests.ps1">
        <results>
          <test-suite type="TestFixture" name="[SCADSecurityLab] General" executed="True" result="Success" success="True" time="0.0787" asserts="0" description="[SCADSecurityLab] General">
            <results>
              <test-suite type="TestFixture" name="[SCADSecurityLab] General.Lab deployment successful" executed="True" result="Success" success="True" time="0.0765" asserts="0" description="[SCADSecurityLab] General.Lab deployment successful">
                <results>
                  <test-suite type="ParameterizedTest" name="[SCADSecurityLab] General.Lab deployment successful.[&lt;LabName&gt;] Should return the correct amount of machines" executed="True" result="Success" success="True" time="0.074" asserts="0" description="[&lt;LabName&gt;] Should return the correct amount of machines">
                    <results>
                      <test-case description="[SCADSecurityLab] Should return the correct amount of machines" name="[SCADSecurityLab] General.Lab deployment successful.[SCADSecurityLab] Should return the correct amount of machines" time="0.074" asserts="0" success="True" result="Success" executed="True" />
                    </results>
                  </test-suite>
                </results>
              </test-suite>
            </results>
          </test-suite>
        </results>
      </test-suite>
      <test-suite type="TestFixture" name="C:\Program Files\WindowsPowerShell\Modules\AutomatedLabTest\5.56.0\tests\RootDC.tests.ps1" executed="True" result="Success" success="True" time="2.0288" asserts="0" description="C:\Program Files\WindowsPowerShell\Modules\AutomatedLabTest\5.56.0\tests\RootDC.tests.ps1">
        <results>
          <test-suite type="TestFixture" name="[SCADSecurityLab] DC Generic" executed="True" result="Success" success="True" time="1.5047" asserts="0" description="[SCADSecurityLab] DC Generic">
            <results>
              <test-suite type="TestFixture" name="[SCADSecurityLab] DC Generic.Role deployment successful" executed="True" result="Success" success="True" time="1.4988" asserts="0" description="[SCADSecurityLab] DC Generic.Role deployment successful">
                <results>
                  <test-case description="[RootDC] Should return the correct amount of machines" name="[SCADSecurityLab] DC Generic.Role deployment successful.[RootDC] Should return the correct amount of machines" time="0.0302" asserts="0" success="True" result="Success" executed="True" />
                  <test-suite type="ParameterizedTest" name="[SCADSecurityLab] DC Generic.Role deployment successful.SCRDC01 should have ADWS running" executed="True" result="Success" success="True" time="0.1989" asserts="0" description="SCRDC01 should have ADWS running">
                    <results>
                      <test-case description="SCRDC01 should have ADWS running" name="[SCADSecurityLab] DC Generic.Role deployment successful.SCRDC01 should have ADWS running(SCRDC01)" time="0.1989" asserts="0" success="True" result="Success" executed="True" />
                    </results>
                  </test-suite>
                  <test-suite type="ParameterizedTest" name="[SCADSecurityLab] DC Generic.Role deployment successful.SCRDC01 should respond to ADWS calls" executed="True" result="Success" success="True" time="1.2671" asserts="0" description="SCRDC01 should respond to ADWS calls">
                    <results>
                      <test-case description="SCRDC01 should respond to ADWS calls" name="[SCADSecurityLab] DC Generic.Role deployment successful.SCRDC01 should respond to ADWS calls(SCRDC01)" time="1.2671" asserts="0" success="True" result="Success" executed="True" />
                    </results>
                  </test-suite>
                </results>
              </test-suite>
            </results>
          </test-suite>
          <test-suite type="TestFixture" name="[SCADSecurityLab] RootDC specific" executed="True" result="Success" success="True" time="1.9271" asserts="0" description="[SCADSecurityLab] RootDC specific">
            <results>
              <test-suite type="ParameterizedTest" name="[SCADSecurityLab] RootDC specific.SCRDC01 should hold PDC emulator FSMO role" executed="True" result="Success" success="True" time="0.419" asserts="0" description="SCRDC01 should hold PDC emulator FSMO role">
                <results>
                  <test-case description="SCRDC01 should hold PDC emulator FSMO role" name="[SCADSecurityLab] RootDC specific.SCRDC01 should hold PDC emulator FSMO role(SCRDC01)" time="0.419" asserts="0" success="True" result="Success" executed="True" />
                </results>
              </test-suite>
            </results>
          </test-suite>
        </results>
      </test-suite>
    </results>
  </test-suite>
</test-results>